<?xml version="1.0" encoding="UTF-8"?>
<testng-results skipped="0" failed="0" ignored="0" total="1" passed="1">
  <reporter-output>
  </reporter-output>
  <suite name="Suite" duration-ms="43064" started-at="2020-10-25T23:28:34 IST" finished-at="2020-10-25T23:29:17 IST">
    <groups>
    </groups>
    <test name="Test" duration-ms="43064" started-at="2020-10-25T23:28:34 IST" finished-at="2020-10-25T23:29:17 IST">
      <class name="testcases.TC001_GetId">
        <test-method status="PASS" signature="beforeSuite()[pri:0, instance:testcases.TC001_GetId@6f195bc3]" name="beforeSuite" is-config="true" duration-ms="373" started-at="2020-10-25T23:28:34 IST" finished-at="2020-10-25T23:28:34 IST">
          <reporter-output>
          </reporter-output>
        </test-method> <!-- beforeSuite -->
        <test-method status="PASS" signature="setData()[pri:0, instance:testcases.TC001_GetId@6f195bc3]" name="setData" is-config="true" duration-ms="1" started-at="2020-10-25T23:28:34 IST" finished-at="2020-10-25T23:28:34 IST">
          <reporter-output>
          </reporter-output>
        </test-method> <!-- setData -->
        <test-method status="PASS" signature="beforeClass()[pri:0, instance:testcases.TC001_GetId@6f195bc3]" name="beforeClass" is-config="true" duration-ms="7" started-at="2020-10-25T23:28:34 IST" finished-at="2020-10-25T23:28:34 IST">
          <reporter-output>
          </reporter-output>
        </test-method> <!-- beforeClass -->
        <test-method status="PASS" signature="beforeMethod()[pri:0, instance:testcases.TC001_GetId@6f195bc3]" name="beforeMethod" is-config="true" duration-ms="26502" started-at="2020-10-25T23:28:36 IST" finished-at="2020-10-25T23:29:02 IST">
          <reporter-output>
          </reporter-output>
        </test-method> <!-- beforeMethod -->
        <test-method status="PASS" signature="purchaseTicket(java.lang.String, java.lang.String, java.lang.String, java.lang.String)[pri:0, instance:testcases.TC001_GetId@6f195bc3]" name="purchaseTicket" duration-ms="13719" started-at="2020-10-25T23:29:02 IST" data-provider="fetchData" finished-at="2020-10-25T23:29:16 IST">
          <params>
            <param index="0">
              <value>
                <![CDATA[Welcome to the Simple Travel Agency!]]>
              </value>
            </param>
            <param index="1">
              <value>
                <![CDATA[vacation]]>
              </value>
            </param>
            <param index="2">
              <value>
                <![CDATA[Mexico City]]>
              </value>
            </param>
            <param index="3">
              <value>
                <![CDATA[London]]>
              </value>
            </param>
          </params>
          <reporter-output>
          </reporter-output>
        </test-method> <!-- purchaseTicket -->
        <test-method status="PASS" signature="afterMethod()[pri:0, instance:testcases.TC001_GetId@6f195bc3]" name="afterMethod" is-config="true" duration-ms="1493" started-at="2020-10-25T23:29:16 IST" finished-at="2020-10-25T23:29:17 IST">
          <reporter-output>
          </reporter-output>
        </test-method> <!-- afterMethod -->
        <test-method status="PASS" signature="afterTest()[pri:0, instance:testcases.TC001_GetId@6f195bc3]" name="afterTest" is-config="true" duration-ms="1" started-at="2020-10-25T23:29:17 IST" finished-at="2020-10-25T23:29:17 IST">
          <reporter-output>
          </reporter-output>
        </test-method> <!-- afterTest -->
        <test-method status="PASS" signature="afterSuite()[pri:0, instance:testcases.TC001_GetId@6f195bc3]" name="afterSuite" is-config="true" duration-ms="1899" started-at="2020-10-25T23:29:18 IST" finished-at="2020-10-25T23:29:20 IST">
          <reporter-output>
          </reporter-output>
        </test-method> <!-- afterSuite -->
      </class> <!-- testcases.TC001_GetId -->
    </test> <!-- Test -->
  </suite> <!-- Suite -->
</testng-results>
